{"level":"info","message":{"event":"start","totalCells":4},"timestamp":"2025-04-21T15:02:55.194Z"}
{"level":"info","message":{"cell":"48.890090,2.386936","event":"fetch_start","lat":48.86655658598865,"lon":2.4094396581458053},"timestamp":"2025-04-21T15:02:55.194Z"}
{"level":"info","message":{"cell":"48.890090,2.386936","count":8,"duration":1227,"event":"fetch_result"},"timestamp":"2025-04-21T15:02:56.421Z"}
{"level":"info","message":{"event":"profile_saved","total":1,"userId":"67f54605afc7ce7e80b34934"},"timestamp":"2025-04-21T15:02:57.290Z"}
{"level":"info","message":{"event":"profile_saved","total":2,"userId":"680644cd9976c45b3390b86e"},"timestamp":"2025-04-21T15:02:57.909Z"}
{"level":"info","message":{"event":"profile_saved","total":3,"userId":"64abf639fead91010092ae7d"},"timestamp":"2025-04-21T15:02:58.377Z"}
{"level":"info","message":{"event":"profile_saved","total":4,"userId":"67bc9eaffa89c32d1ee5fed2"},"timestamp":"2025-04-21T15:03:00.063Z"}
{"level":"info","message":{"event":"profile_saved","total":5,"userId":"680658fb26b82953df5abfbb"},"timestamp":"2025-04-21T15:03:00.803Z"}
{"level":"info","message":{"event":"profile_saved","total":6,"userId":"67fd6ae7f12dcb46cf59fc92"},"timestamp":"2025-04-21T15:03:01.034Z"}
{"level":"info","message":{"event":"profile_saved","total":7,"userId":"67cdc7be58981e11ce1d2367"},"timestamp":"2025-04-21T15:03:01.635Z"}
{"level":"info","message":{"event":"profile_saved","total":8,"userId":"66534c2078177d010075d9fa"},"timestamp":"2025-04-21T15:03:02.094Z"}
{"level":"info","message":{"duration":2322.915683416565,"event":"pause"},"timestamp":"2025-04-21T15:03:02.095Z"}
{"level":"info","message":{"event":"resume"},"timestamp":"2025-04-21T15:03:04.418Z"}
{"level":"info","message":{"cell":"48.800000,2.386936","event":"fetch_start","lat":48.712492737265606,"lon":2.3167111925738713},"timestamp":"2025-04-21T15:03:04.419Z"}
{"level":"info","message":{"cell":"48.800000,2.386936","count":10,"duration":940,"event":"fetch_result"},"timestamp":"2025-04-21T15:03:05.359Z"}
{"level":"info","message":{"event":"profile_saved","total":9,"userId":"67b4e22b58981ebc9911ee0a"},"timestamp":"2025-04-21T15:03:06.406Z"}
{"level":"info","message":{"event":"profile_saved","total":10,"userId":"671d0a5964cd36010059f1a8"},"timestamp":"2025-04-21T15:03:07.196Z"}
{"level":"info","message":{"event":"done","totalProfiles":11},"timestamp":"2025-04-21T15:03:08.852Z"}
{"level":"info","message":{"event":"start","totalCells":4},"timestamp":"2025-04-21T15:03:29.276Z"}
{"level":"info","message":{"cell":"48.800000,2.250000","event":"fetch_start","lat":48.86809543300224,"lon":2.1685308641541274},"timestamp":"2025-04-21T15:03:29.276Z"}
{"level":"info","message":{"cell":"48.800000,2.250000","count":15,"duration":872,"event":"fetch_result"},"timestamp":"2025-04-21T15:03:30.149Z"}
{"level":"info","message":{"event":"profile_saved","total":1,"userId":"677b9545146ed83fe00a2d28"},"timestamp":"2025-04-21T15:03:30.473Z"}
{"level":"info","message":{"event":"profile_saved","total":2,"userId":"6545498cfa831f0100d4cfa4"},"timestamp":"2025-04-21T15:03:30.937Z"}
{"level":"info","message":{"event":"profile_saved","total":3,"userId":"60c6fcca1feefd01004ebc70"},"timestamp":"2025-04-21T15:03:31.233Z"}
{"level":"info","message":{"event":"profile_saved","total":4,"userId":"5ca53e536f63441500b63078"},"timestamp":"2025-04-21T15:03:31.361Z"}
{"level":"info","message":{"event":"profile_saved","total":5,"userId":"66f45a9eacb9bf0100abbf50"},"timestamp":"2025-04-21T15:03:34.940Z"}
{"level":"info","message":{"event":"profile_saved","total":6,"userId":"67fd6ae7f12dcb46cf59fc92"},"timestamp":"2025-04-21T15:03:35.178Z"}
{"level":"info","message":{"event":"profile_saved","total":7,"userId":"65f71da7b6c65b01002734d3"},"timestamp":"2025-04-21T15:03:35.590Z"}
{"level":"info","message":{"event":"profile_saved","total":8,"userId":"680123e1bf04ebed38a9fd92"},"timestamp":"2025-04-21T15:03:36.709Z"}
{"level":"info","message":{"event":"profile_saved","total":9,"userId":"680658fb26b82953df5abfbb"},"timestamp":"2025-04-21T15:03:37.008Z"}
{"level":"info","message":{"event":"profile_saved","total":10,"userId":"5fee632d112cd701009072bc"},"timestamp":"2025-04-21T15:03:38.552Z"}
{"level":"info","message":{"event":"profile_saved","total":11,"userId":"5e726c10981f5d010026c645"},"timestamp":"2025-04-21T15:03:39.003Z"}
{"level":"info","message":{"event":"profile_saved","total":12,"userId":"5f88a2a532d5d70100be7bda"},"timestamp":"2025-04-21T15:03:39.886Z"}
{"level":"info","message":{"event":"profile_saved","total":13,"userId":"6254852a0770ab0100fb10ab"},"timestamp":"2025-04-21T15:03:40.686Z"}
{"level":"info","message":{"event":"profile_saved","total":14,"userId":"66534c2078177d010075d9fa"},"timestamp":"2025-04-21T15:03:41.194Z"}
{"level":"info","message":{"event":"profile_saved","total":15,"userId":"66c08c69774951010049cba3"},"timestamp":"2025-04-21T15:03:44.880Z"}
{"level":"info","message":{"duration":1711.6639614106437,"event":"pause"},"timestamp":"2025-04-21T15:03:44.882Z"}
{"level":"info","message":{"event":"resume"},"timestamp":"2025-04-21T15:03:46.595Z"}
{"level":"info","message":{"cell":"48.890090,2.386936","event":"fetch_start","lat":48.89625627609778,"lon":2.340956731297128},"timestamp":"2025-04-21T15:03:46.596Z"}
{"level":"info","message":{"cell":"48.890090,2.386936","count":12,"duration":747,"event":"fetch_result"},"timestamp":"2025-04-21T15:03:47.343Z"}
{"level":"info","message":{"event":"profile_saved","total":16,"userId":"6804f3173b4959ded2004ac5"},"timestamp":"2025-04-21T15:03:47.863Z"}
{"level":"info","message":{"event":"profile_saved","total":17,"userId":"61d1a661b7574a01007cc1da"},"timestamp":"2025-04-21T15:03:50.377Z"}
{"level":"info","message":{"event":"profile_saved","total":18,"userId":"67461d8bacc61b010070f4c9"},"timestamp":"2025-04-21T15:03:51.562Z"}
{"level":"info","message":{"event":"profile_saved","total":19,"userId":"66e5cd18acb9bf0100a3dce4"},"timestamp":"2025-04-21T15:03:53.642Z"}
{"level":"info","message":{"event":"profile_saved","total":20,"userId":"67bccd5258981eeddd1599e7"},"timestamp":"2025-04-21T15:03:54.086Z"}
{"level":"info","message":{"event":"profile_saved","total":21,"userId":"67eb04fd4864992563a3958a"},"timestamp":"2025-04-21T15:03:54.415Z"}
{"level":"info","message":{"event":"profile_saved","total":22,"userId":"68064a6e6fce6e988fb0a5ca"},"timestamp":"2025-04-21T15:03:55.409Z"}
{"level":"info","message":{"event":"profile_saved","total":23,"userId":"6663605d294c380100788598"},"timestamp":"2025-04-21T15:03:55.982Z"}
{"level":"info","message":{"event":"profile_saved","total":24,"userId":"6782b06b486499a053730a75"},"timestamp":"2025-04-21T15:03:56.585Z"}
{"level":"info","message":{"event":"profile_saved","total":25,"userId":"6804c487455f80adb0f2f141"},"timestamp":"2025-04-21T15:03:56.989Z"}
{"level":"info","message":{"event":"profile_saved","total":26,"userId":"67c4f48c07850a4681060cb6"},"timestamp":"2025-04-21T15:03:57.193Z"}
{"level":"info","message":{"event":"profile_saved","total":27,"userId":"5c7ef5ea0a401f1100f1a86a"},"timestamp":"2025-04-21T15:03:58.083Z"}
{"level":"info","message":{"duration":1976.4980983090109,"event":"pause"},"timestamp":"2025-04-21T15:03:58.083Z"}
{"level":"info","message":{"event":"resume"},"timestamp":"2025-04-21T15:04:00.061Z"}
{"level":"info","message":{"cell":"48.800000,2.386936","event":"fetch_start","lat":48.85975702599983,"lon":2.252545814103677},"timestamp":"2025-04-21T15:04:00.062Z"}
{"level":"info","message":{"cell":"48.800000,2.386936","count":9,"duration":736,"event":"fetch_result"},"timestamp":"2025-04-21T15:04:00.798Z"}
{"level":"info","message":{"event":"profile_saved","total":28,"userId":"6802cc3d455f80ee6ef1fdb4"},"timestamp":"2025-04-21T15:04:01.209Z"}
{"level":"info","message":{"event":"profile_saved","total":29,"userId":"67fe81054864993688ac5f6c"},"timestamp":"2025-04-21T15:04:01.477Z"}
{"level":"info","message":{"event":"profile_saved","total":30,"userId":"68055ed9c60fb773cb3a9695"},"timestamp":"2025-04-21T15:04:02.111Z"}
{"level":"info","message":{"event":"profile_saved","total":31,"userId":"5ecd5fe223cd800100546a4f"},"timestamp":"2025-04-21T15:04:02.786Z"}
{"level":"info","message":{"event":"profile_saved","total":32,"userId":"678d320b0d3c4a3c6e9cea84"},"timestamp":"2025-04-21T15:04:03.789Z"}
{"level":"info","message":{"event":"profile_saved","total":33,"userId":"68064e7a486499cf62b01d24"},"timestamp":"2025-04-21T15:04:05.027Z"}
{"level":"info","message":{"event":"profile_saved","total":34,"userId":"67766cfb2d6f2a419373e5ac"},"timestamp":"2025-04-21T15:04:05.940Z"}
{"level":"info","message":{"event":"profile_saved","total":35,"userId":"67a38670afc7ce75108e0ac2"},"timestamp":"2025-04-21T15:04:07.280Z"}
{"level":"info","message":{"event":"profile_saved","total":36,"userId":"62012cc595bbb90100b655b9"},"timestamp":"2025-04-21T15:04:10.535Z"}
{"level":"info","message":{"duration":1700.1098841191613,"event":"pause"},"timestamp":"2025-04-21T15:04:10.535Z"}
{"level":"info","message":{"event":"resume"},"timestamp":"2025-04-21T15:04:12.238Z"}
{"level":"info","message":{"cell":"48.890090,2.250000","event":"fetch_start","lat":48.893907668998374,"lon":2.163452134298044},"timestamp":"2025-04-21T15:04:12.239Z"}
{"level":"info","message":{"cell":"48.890090,2.250000","count":10,"duration":738,"event":"fetch_result"},"timestamp":"2025-04-21T15:04:12.977Z"}
{"level":"info","message":{"event":"profile_saved","total":37,"userId":"65f67732fd20ba0100b98825"},"timestamp":"2025-04-21T15:04:13.684Z"}
{"level":"info","message":{"event":"profile_saved","total":38,"userId":"5a477aed98f95f50125ff908"},"timestamp":"2025-04-21T15:04:14.062Z"}
{"level":"info","message":{"event":"profile_saved","total":39,"userId":"66e1cffb358f5c01004d4401"},"timestamp":"2025-04-21T15:04:14.311Z"}
{"level":"info","message":{"event":"profile_saved","total":40,"userId":"67faa010fa89c3954801bfd1"},"timestamp":"2025-04-21T15:04:15.387Z"}
{"level":"info","message":{"event":"profile_saved","total":41,"userId":"65ca11ea69cc5a0100175d49"},"timestamp":"2025-04-21T15:04:17.887Z"}
{"level":"info","message":{"event":"profile_saved","total":42,"userId":"6547ec9bb579df0100e1a0b0"},"timestamp":"2025-04-21T15:04:19.086Z"}
{"level":"info","message":{"event":"profile_saved","total":43,"userId":"66b4f149d570840100054424"},"timestamp":"2025-04-21T15:04:19.848Z"}
{"level":"info","message":{"event":"profile_saved","total":44,"userId":"5f59ef500814fc01000864bf"},"timestamp":"2025-04-21T15:04:23.204Z"}
{"level":"info","message":{"event":"profile_saved","total":45,"userId":"65c512c0b924880100def29b"},"timestamp":"2025-04-21T15:04:26.407Z"}
{"level":"info","message":{"event":"profile_saved","total":46,"userId":"65a04ecf09ecdb0100168367"},"timestamp":"2025-04-21T15:04:27.995Z"}
{"level":"info","message":{"duration":1678.482194382346,"event":"pause"},"timestamp":"2025-04-21T15:04:27.995Z"}
{"level":"info","message":{"event":"resume"},"timestamp":"2025-04-21T15:04:29.675Z"}
{"level":"info","message":{"cell":"48.890090,2.386936","event":"fetch_start","lat":48.95109405150905,"lon":2.267747218306651},"timestamp":"2025-04-21T15:04:29.675Z"}
{"level":"info","message":{"cell":"48.890090,2.386936","count":10,"duration":872,"event":"fetch_result"},"timestamp":"2025-04-21T15:04:30.548Z"}
{"level":"info","message":{"event":"profile_saved","total":47,"userId":"67c8fb1f58981e795a1b02a1"},"timestamp":"2025-04-21T15:04:31.450Z"}
{"level":"info","message":{"event":"profile_saved","total":48,"userId":"67e1d5e59976c4847d803815"},"timestamp":"2025-04-21T15:04:32.541Z"}
{"level":"info","message":{"event":"profile_saved","total":49,"userId":"5f0f8e1d0b2d0e01004b0ab3"},"timestamp":"2025-04-21T15:04:33.480Z"}
{"level":"info","message":{"event":"profile_saved","total":50,"userId":"675341d1acc61b0100778a2d"},"timestamp":"2025-04-21T15:04:34.245Z"}
{"level":"info","message":{"event":"profile_saved","total":51,"userId":"67fe472d4864994ddeac4389"},"timestamp":"2025-04-21T15:04:34.973Z"}
{"level":"info","message":{"event":"profile_saved","total":52,"userId":"630946f8368cc901007045b8"},"timestamp":"2025-04-21T15:04:35.926Z"}
{"level":"info","message":{"event":"profile_saved","total":53,"userId":"670646ff9f6d220100e57678"},"timestamp":"2025-04-21T15:04:38.480Z"}
{"level":"info","message":{"event":"profile_saved","total":54,"userId":"67b5799158981e465c12310b"},"timestamp":"2025-04-21T15:04:38.860Z"}
{"level":"info","message":{"event":"profile_saved","total":55,"userId":"658f454e09ecdb01000d9e15"},"timestamp":"2025-04-21T15:04:39.805Z"}
{"level":"info","message":{"event":"profile_saved","total":56,"userId":"6732715eacb9bf0100cb885d"},"timestamp":"2025-04-21T15:04:41.124Z"}
{"level":"info","message":{"duration":1067.7300773365964,"event":"pause"},"timestamp":"2025-04-21T15:04:41.124Z"}
{"level":"info","message":{"event":"resume"},"timestamp":"2025-04-21T15:04:42.191Z"}
{"level":"info","message":{"cell":"48.800000,2.386936","event":"fetch_start","lat":48.75097050007239,"lon":2.32964837968448},"timestamp":"2025-04-21T15:04:42.192Z"}
{"level":"info","message":{"cell":"48.800000,2.386936","count":7,"duration":791,"event":"fetch_result"},"timestamp":"2025-04-21T15:04:42.983Z"}
{"level":"info","message":{"event":"profile_saved","total":57,"userId":"67f177bd486499c5b2a66d1b"},"timestamp":"2025-04-21T15:04:43.306Z"}
{"level":"info","message":{"event":"profile_saved","total":58,"userId":"67e5d93aafc7cec462ac585f"},"timestamp":"2025-04-21T15:04:46.230Z"}
{"level":"info","message":{"event":"profile_saved","total":59,"userId":"6777e1108da12e10f92133ac"},"timestamp":"2025-04-21T15:04:47.489Z"}
{"level":"info","message":{"event":"profile_saved","total":60,"userId":"6619088dc5ed5e0100d785fa"},"timestamp":"2025-04-21T15:04:48.218Z"}
{"level":"info","message":{"event":"profile_saved","total":61,"userId":"642fc60b481ae001006c4aa5"},"timestamp":"2025-04-21T15:04:50.644Z"}
{"level":"info","message":{"event":"profile_saved","total":62,"userId":"67cb67b77cd787a77b566cc1"},"timestamp":"2025-04-21T15:04:51.467Z"}
{"level":"info","message":{"event":"profile_saved","total":63,"userId":"640e0b6dfc3b8e0100203c06"},"timestamp":"2025-04-21T15:04:53.275Z"}
{"level":"info","message":{"duration":1136.4430381561087,"event":"pause"},"timestamp":"2025-04-21T15:04:53.275Z"}
{"level":"info","message":{"event":"resume"},"timestamp":"2025-04-21T15:04:54.413Z"}
{"level":"info","message":{"cell":"48.800000,2.250000","event":"fetch_start","lat":48.8081267943958,"lon":2.215344705537213},"timestamp":"2025-04-21T15:04:54.414Z"}
{"level":"info","message":{"cell":"48.800000,2.250000","count":7,"duration":612,"event":"fetch_result"},"timestamp":"2025-04-21T15:04:55.026Z"}
{"level":"info","message":{"event":"profile_saved","total":64,"userId":"6716bcf0ff5d5c010098de1f"},"timestamp":"2025-04-21T15:04:56.116Z"}
{"level":"info","message":{"event":"profile_saved","total":65,"userId":"67ca986c07850ae6530877ad"},"timestamp":"2025-04-21T15:04:57.343Z"}
{"level":"info","message":{"event":"profile_saved","total":66,"userId":"64ba44d29f31120100f018e3"},"timestamp":"2025-04-21T15:04:57.810Z"}
{"level":"info","message":{"event":"profile_saved","total":67,"userId":"6111a51c9b927901007ad76e"},"timestamp":"2025-04-21T15:04:58.878Z"}
{"level":"info","message":{"event":"profile_saved","total":68,"userId":"662a8c395fd5eb01003a99b2"},"timestamp":"2025-04-21T15:05:01.053Z"}
{"level":"info","message":{"event":"profile_saved","total":69,"userId":"67961affbf04eb215a790fe4"},"timestamp":"2025-04-21T15:05:04.005Z"}
{"level":"info","message":{"event":"profile_saved","total":70,"userId":"67effb2707850a6d8e193bd3"},"timestamp":"2025-04-21T15:05:04.787Z"}
{"level":"info","message":{"duration":1674.7959268866966,"event":"pause"},"timestamp":"2025-04-21T15:05:04.788Z"}
{"level":"info","message":{"event":"resume"},"timestamp":"2025-04-21T15:05:06.464Z"}
{"level":"info","message":{"cell":"48.890090,2.250000","event":"fetch_start","lat":48.88449355549739,"lon":2.1713360736330904},"timestamp":"2025-04-21T15:05:06.465Z"}
{"level":"info","message":{"cell":"48.890090,2.250000","count":9,"duration":857,"event":"fetch_result"},"timestamp":"2025-04-21T15:05:07.322Z"}
{"level":"info","message":{"event":"profile_saved","total":71,"userId":"6580a44e5660590100b81746"},"timestamp":"2025-04-21T15:05:08.250Z"}
{"level":"info","message":{"event":"profile_saved","total":72,"userId":"67f83697bf04eb7ffea5f07d"},"timestamp":"2025-04-21T15:05:12.140Z"}
{"level":"info","message":{"event":"profile_saved","total":73,"userId":"6762e4df26cb5718af07d86b"},"timestamp":"2025-04-21T15:05:12.955Z"}
{"level":"info","message":{"event":"profile_saved","total":74,"userId":"651b36fd16737b010046b7ad"},"timestamp":"2025-04-21T15:05:14.185Z"}
{"level":"info","message":{"event":"profile_saved","total":75,"userId":"5aba7c886da370271931f66b"},"timestamp":"2025-04-21T15:05:16.776Z"}
{"level":"info","message":{"event":"profile_saved","total":76,"userId":"65bd37b058407801000e74ad"},"timestamp":"2025-04-21T15:05:17.454Z"}
{"level":"info","message":{"event":"profile_saved","total":77,"userId":"67befb2cbf04ebbc148c464a"},"timestamp":"2025-04-21T15:05:17.704Z"}
{"level":"info","message":{"event":"profile_saved","total":78,"userId":"679ce89a07850a4becf34838"},"timestamp":"2025-04-21T15:05:18.558Z"}
{"level":"info","message":{"event":"profile_saved","total":79,"userId":"67755e3b42fe2a78b838eed4"},"timestamp":"2025-04-21T15:05:19.460Z"}
{"level":"info","message":{"duration":2130.5232092787483,"event":"pause"},"timestamp":"2025-04-21T15:05:19.460Z"}
{"level":"info","message":{"event":"resume"},"timestamp":"2025-04-21T15:05:21.592Z"}
{"level":"info","message":{"cell":"48.800000,2.386936","event":"fetch_start","lat":48.76777300736596,"lon":2.392696068260418},"timestamp":"2025-04-21T15:05:21.593Z"}
{"level":"info","message":{"cell":"48.800000,2.386936","count":9,"duration":811,"event":"fetch_result"},"timestamp":"2025-04-21T15:05:22.404Z"}
{"level":"info","message":{"event":"profile_saved","total":80,"userId":"675dee4742fe2a33202e2bb2"},"timestamp":"2025-04-21T15:05:22.802Z"}
{"level":"info","message":{"event":"profile_saved","total":81,"userId":"6647c82741c3400100e0a481"},"timestamp":"2025-04-21T15:05:23.163Z"}
{"level":"info","message":{"event":"profile_saved","total":82,"userId":"67c761e37fa7551cc885cabc"},"timestamp":"2025-04-21T15:05:25.611Z"}
{"level":"info","message":{"event":"profile_saved","total":83,"userId":"67b9c25eb6e158443cbb9c19"},"timestamp":"2025-04-21T15:05:26.452Z"}
{"level":"info","message":{"event":"profile_saved","total":84,"userId":"67275e6c64cd3601005f5a00"},"timestamp":"2025-04-21T15:05:27.747Z"}
{"level":"info","message":{"event":"profile_saved","total":85,"userId":"65e6634fb070f40100a62d3d"},"timestamp":"2025-04-21T15:05:28.416Z"}
{"level":"info","message":{"event":"profile_saved","total":86,"userId":"67fe8839b6e158cfd3daa871"},"timestamp":"2025-04-21T15:05:29.252Z"}
{"level":"info","message":{"event":"profile_saved","total":87,"userId":"62102ee86ff0ac0100d5fd25"},"timestamp":"2025-04-21T15:05:30.659Z"}
{"level":"info","message":{"event":"profile_saved","total":88,"userId":"5c40a573e250c8110031f344"},"timestamp":"2025-04-21T15:05:31.476Z"}
{"level":"info","message":{"duration":2610.89518450159,"event":"pause"},"timestamp":"2025-04-21T15:05:31.477Z"}
{"level":"info","message":{"event":"resume"},"timestamp":"2025-04-21T15:05:34.089Z"}
{"level":"info","message":{"cell":"48.890090,2.250000","event":"fetch_start","lat":48.933945150426894,"lon":2.2190967531532237},"timestamp":"2025-04-21T15:05:34.089Z"}
{"level":"info","message":{"cell":"48.890090,2.250000","count":8,"duration":672,"event":"fetch_result"},"timestamp":"2025-04-21T15:05:34.761Z"}
{"level":"info","message":{"event":"profile_saved","total":89,"userId":"67fa42637cd7870d116b7462"},"timestamp":"2025-04-21T15:05:36.811Z"}
{"level":"info","message":{"event":"profile_saved","total":90,"userId":"621a6b0b4744330100c9edba"},"timestamp":"2025-04-21T15:05:37.697Z"}
{"level":"info","message":{"event":"profile_saved","total":91,"userId":"68021ce2455f804f98f19b82"},"timestamp":"2025-04-21T15:05:38.520Z"}
{"level":"info","message":{"event":"profile_saved","total":92,"userId":"67a65adeafc7ceb1b58f57a1"},"timestamp":"2025-04-21T15:05:38.920Z"}
{"level":"info","message":{"event":"profile_saved","total":93,"userId":"64efd7587c5f0d0100fbace5"},"timestamp":"2025-04-21T15:05:39.573Z"}
{"level":"info","message":{"event":"profile_saved","total":94,"userId":"65c93ec1d9bd5c0100771829"},"timestamp":"2025-04-21T15:05:43.348Z"}
{"level":"info","message":{"event":"profile_saved","total":95,"userId":"6804f5e89976c43e49901039"},"timestamp":"2025-04-21T15:05:43.739Z"}
{"level":"info","message":{"event":"profile_saved","total":96,"userId":"66951eed0eb2e40100d14c0b"},"timestamp":"2025-04-21T15:05:44.836Z"}
{"level":"info","message":{"duration":1521.3618940911292,"event":"pause"},"timestamp":"2025-04-21T15:05:44.836Z"}
{"level":"info","message":{"event":"resume"},"timestamp":"2025-04-21T15:05:46.359Z"}
{"level":"info","message":{"cell":"48.890090,2.386936","event":"fetch_start","lat":48.93481910396606,"lon":2.521674932123705},"timestamp":"2025-04-21T15:05:46.359Z"}
{"level":"info","message":{"cell":"48.890090,2.386936","count":10,"duration":672,"event":"fetch_result"},"timestamp":"2025-04-21T15:05:47.031Z"}
{"level":"info","message":{"event":"profile_saved","total":97,"userId":"666c02fe74b0c00100e8aaba"},"timestamp":"2025-04-21T15:05:48.012Z"}
{"level":"info","message":{"event":"profile_saved","total":98,"userId":"677dc89b42fe2a376f3d5ec8"},"timestamp":"2025-04-21T15:05:48.637Z"}
{"level":"info","message":{"event":"profile_saved","total":99,"userId":"5d3cbb26e370721500320fdf"},"timestamp":"2025-04-21T15:05:49.319Z"}
{"level":"info","message":{"event":"profile_saved","total":100,"userId":"67cc9830455f802ca7d9701f"},"timestamp":"2025-04-21T15:05:49.618Z"}
{"level":"info","message":{"event":"profile_saved","total":101,"userId":"67e0520ccc55a39cf9b96a82"},"timestamp":"2025-04-21T15:05:53.015Z"}
{"level":"info","message":{"event":"profile_saved","total":102,"userId":"632a252bd46a4f01009acde9"},"timestamp":"2025-04-21T15:05:53.836Z"}
{"level":"info","message":{"event":"profile_saved","total":103,"userId":"67aa0e5258981e81500cd2a6"},"timestamp":"2025-04-21T15:05:56.530Z"}
{"level":"info","message":{"event":"profile_saved","total":104,"userId":"5443f4e7da1bca3474a39201"},"timestamp":"2025-04-21T15:05:56.933Z"}
{"level":"info","message":{"event":"profile_saved","total":105,"userId":"5ff345841dc6eb01005436e8"},"timestamp":"2025-04-21T15:05:57.936Z"}
{"level":"info","message":{"event":"profile_saved","total":106,"userId":"6786b01007850a7cdfe88c6a"},"timestamp":"2025-04-21T15:05:59.105Z"}
{"level":"info","message":{"duration":2676.432001419642,"event":"pause"},"timestamp":"2025-04-21T15:05:59.105Z"}
{"level":"info","message":{"event":"resume"},"timestamp":"2025-04-21T15:06:01.783Z"}
{"level":"info","message":{"cell":"48.800000,2.250000","event":"fetch_start","lat":48.88963072502013,"lon":2.346294528418294},"timestamp":"2025-04-21T15:06:01.783Z"}
{"level":"info","message":{"cell":"48.800000,2.250000","count":12,"duration":718,"event":"fetch_result"},"timestamp":"2025-04-21T15:06:02.502Z"}
{"level":"info","message":{"event":"profile_saved","total":107,"userId":"5941a0f22b4a5e5b1d064d60"},"timestamp":"2025-04-21T15:06:03.351Z"}
{"level":"info","message":{"event":"profile_saved","total":108,"userId":"66351f96dd0cf80100ad2e49"},"timestamp":"2025-04-21T15:06:04.073Z"}
{"level":"info","message":{"event":"profile_saved","total":109,"userId":"679b926bafc7ceebdc8a3eea"},"timestamp":"2025-04-21T15:06:04.315Z"}
{"level":"info","message":{"event":"profile_saved","total":110,"userId":"67cbfa61b6e158c4bcc3cc9c"},"timestamp":"2025-04-21T15:06:04.549Z"}
{"level":"info","message":{"event":"profile_saved","total":111,"userId":"6804c136455f80abb3f2efdb"},"timestamp":"2025-04-21T15:06:05.336Z"}
{"level":"info","message":{"event":"profile_saved","total":112,"userId":"66c3689168a03a0100686679"},"timestamp":"2025-04-21T15:06:07.635Z"}
{"level":"info","message":{"event":"profile_saved","total":113,"userId":"67687e76cea0a7cd6e3e1267"},"timestamp":"2025-04-21T15:06:08.242Z"}
{"level":"info","message":{"event":"profile_saved","total":114,"userId":"66951a125147000100405b47"},"timestamp":"2025-04-21T15:06:08.622Z"}
{"level":"info","message":{"event":"profile_saved","total":115,"userId":"5f8a373132d5d70100bfd57f"},"timestamp":"2025-04-21T15:06:09.830Z"}
{"level":"info","message":{"event":"profile_saved","total":116,"userId":"5dd84d6e3b66050100b52563"},"timestamp":"2025-04-21T15:06:10.536Z"}
{"level":"info","message":{"event":"profile_saved","total":117,"userId":"65d67123d42acd0100cefd00"},"timestamp":"2025-04-21T15:06:11.404Z"}
{"level":"info","message":{"event":"profile_saved","total":118,"userId":"673fa25dacc61b01006dd3b7"},"timestamp":"2025-04-21T15:06:11.892Z"}
{"level":"info","message":{"duration":2243.518077691915,"event":"pause"},"timestamp":"2025-04-21T15:06:11.892Z"}
{"level":"info","message":{"event":"resume"},"timestamp":"2025-04-21T15:06:14.137Z"}
{"level":"info","message":{"cell":"48.800000,2.250000","event":"fetch_start","lat":48.74939771685587,"lon":2.219460190797734},"timestamp":"2025-04-21T15:06:14.138Z"}
{"level":"info","message":{"cell":"48.800000,2.250000","count":11,"duration":791,"event":"fetch_result"},"timestamp":"2025-04-21T15:06:14.929Z"}
{"level":"info","message":{"event":"profile_saved","total":119,"userId":"5e28712b788bc80100a0508f"},"timestamp":"2025-04-21T15:06:15.282Z"}
{"level":"info","message":{"event":"profile_saved","total":120,"userId":"66b3c0ae51945f010056ec16"},"timestamp":"2025-04-21T15:06:15.834Z"}
{"level":"info","message":{"event":"profile_saved","total":121,"userId":"5bb3cd70e77a39485f3bae37"},"timestamp":"2025-04-21T15:06:16.566Z"}
{"level":"info","message":{"event":"profile_saved","total":122,"userId":"67cb928058981e73561c1ae8"},"timestamp":"2025-04-21T15:06:20.169Z"}
{"level":"info","message":{"event":"profile_saved","total":123,"userId":"67a603ca455f80a861c7ad63"},"timestamp":"2025-04-21T15:06:21.169Z"}
{"level":"info","message":{"event":"profile_saved","total":124,"userId":"66cb61cc75a10c01009313d7"},"timestamp":"2025-04-21T15:06:21.396Z"}
{"level":"info","message":{"event":"profile_saved","total":125,"userId":"62fbeeac4e95f0010000d3f8"},"timestamp":"2025-04-21T15:06:24.770Z"}
{"level":"info","message":{"event":"profile_saved","total":126,"userId":"673669773600200100cd8da0"},"timestamp":"2025-04-21T15:06:25.267Z"}
{"level":"info","message":{"event":"profile_saved","total":127,"userId":"67f2b67bb6e158cd0bd5514c"},"timestamp":"2025-04-21T15:06:25.690Z"}
{"level":"info","message":{"event":"profile_saved","total":128,"userId":"62d522b1ba03c0010047e5e4"},"timestamp":"2025-04-21T15:06:25.912Z"}
{"level":"info","message":{"event":"profile_saved","total":129,"userId":"65e6fa61d830b40100f3d659"},"timestamp":"2025-04-21T15:06:26.172Z"}
{"level":"info","message":{"duration":2862.977243345384,"event":"pause"},"timestamp":"2025-04-21T15:06:26.172Z"}
{"level":"info","message":{"event":"resume"},"timestamp":"2025-04-21T15:06:29.036Z"}
{"level":"info","message":{"cell":"48.890090,2.386936","event":"fetch_start","lat":48.96276343208756,"lon":2.301604596520452},"timestamp":"2025-04-21T15:06:29.036Z"}
{"level":"info","message":{"cell":"48.890090,2.386936","count":10,"duration":1165,"event":"fetch_result"},"timestamp":"2025-04-21T15:06:30.201Z"}
{"level":"info","message":{"event":"profile_saved","total":130,"userId":"604f1cc3230b340100a43b54"},"timestamp":"2025-04-21T15:06:31.161Z"}
{"level":"info","message":{"event":"profile_saved","total":131,"userId":"67c817c8afc7ce316f9ef4ea"},"timestamp":"2025-04-21T15:06:32.089Z"}
{"level":"info","message":{"event":"profile_saved","total":132,"userId":"66e428bc053cbb0100c65de1"},"timestamp":"2025-04-21T15:06:33.189Z"}
{"level":"info","message":{"event":"profile_saved","total":133,"userId":"662caefee4bfe20100f6922c"},"timestamp":"2025-04-21T15:06:33.956Z"}
{"level":"info","message":{"event":"profile_saved","total":134,"userId":"5e3d75582c98cf01002c9397"},"timestamp":"2025-04-21T15:06:34.472Z"}
{"level":"info","message":{"event":"profile_saved","total":135,"userId":"625d828cc2efcf0100a46410"},"timestamp":"2025-04-21T15:06:35.499Z"}
{"level":"info","message":{"event":"profile_saved","total":136,"userId":"6453e030653d5a0100841eaf"},"timestamp":"2025-04-21T15:06:36.305Z"}
{"level":"info","message":{"event":"profile_saved","total":137,"userId":"622d0464ca04430100831eea"},"timestamp":"2025-04-21T15:06:37.596Z"}
{"level":"info","message":{"event":"profile_saved","total":138,"userId":"56f1538e7fd3f4f22354e087"},"timestamp":"2025-04-21T15:06:40.527Z"}
{"level":"info","message":{"event":"profile_saved","total":139,"userId":"67f833a2f12dcbb230578df0"},"timestamp":"2025-04-21T15:06:43.097Z"}
{"level":"info","message":{"duration":1919.454363991966,"event":"pause"},"timestamp":"2025-04-21T15:06:43.098Z"}
{"level":"info","message":{"event":"resume"},"timestamp":"2025-04-21T15:06:45.019Z"}
{"level":"info","message":{"cell":"48.890090,2.250000","event":"fetch_start","lat":48.856101317543576,"lon":2.180984695145915},"timestamp":"2025-04-21T15:06:45.019Z"}
{"level":"info","message":{"cell":"48.890090,2.250000","count":11,"duration":637,"event":"fetch_result"},"timestamp":"2025-04-21T15:06:45.657Z"}
{"level":"info","message":{"event":"profile_saved","total":140,"userId":"6500ce8af24a8d0100a1de4f"},"timestamp":"2025-04-21T15:06:47.194Z"}
{"level":"info","message":{"event":"profile_saved","total":141,"userId":"67a295c9b6e158b8f6b0cc1e"},"timestamp":"2025-04-21T15:06:49.952Z"}
{"level":"info","message":{"event":"profile_saved","total":142,"userId":"6616faea92d389010048077e"},"timestamp":"2025-04-21T15:06:50.669Z"}
{"level":"info","message":{"event":"profile_saved","total":143,"userId":"67938b61fa89c32e3bd28100"},"timestamp":"2025-04-21T15:06:52.726Z"}
{"level":"info","message":{"event":"profile_saved","total":144,"userId":"67f2a040f12dcb246c550d72"},"timestamp":"2025-04-21T15:06:53.007Z"}
{"level":"info","message":{"event":"profile_saved","total":145,"userId":"67f8f3ed9976c489358a6589"},"timestamp":"2025-04-21T15:06:53.222Z"}
{"level":"info","message":{"event":"profile_saved","total":146,"userId":"67fb9ab7f12dcbfc5e59156f"},"timestamp":"2025-04-21T15:06:54.280Z"}
{"level":"info","message":{"event":"profile_saved","total":147,"userId":"67ff87c1486499c83bacd3b5"},"timestamp":"2025-04-21T15:06:55.414Z"}
{"level":"info","message":{"event":"profile_saved","total":148,"userId":"66816b08294c38010088fe43"},"timestamp":"2025-04-21T15:06:56.050Z"}
{"level":"info","message":{"event":"profile_saved","total":149,"userId":"67b4d8ac455f805084ced0f1"},"timestamp":"2025-04-21T15:06:56.340Z"}
{"level":"info","message":{"event":"profile_saved","total":150,"userId":"67c1d2cffa89c33a60e83ad1"},"timestamp":"2025-04-21T15:06:56.621Z"}
{"level":"info","message":{"duration":1742.0686153448496,"event":"pause"},"timestamp":"2025-04-21T15:06:56.621Z"}
{"level":"info","message":{"event":"resume"},"timestamp":"2025-04-21T15:06:58.365Z"}
{"level":"info","message":{"cell":"48.800000,2.386936","event":"fetch_start","lat":48.88607743237757,"lon":2.4685856234883814},"timestamp":"2025-04-21T15:06:58.366Z"}
{"level":"info","message":{"cell":"48.800000,2.386936","count":11,"duration":815,"event":"fetch_result"},"timestamp":"2025-04-21T15:06:59.181Z"}
{"level":"info","message":{"event":"profile_saved","total":151,"userId":"6800af69afc7cec9ffb86d6c"},"timestamp":"2025-04-21T15:07:00.827Z"}
{"level":"info","message":{"event":"profile_saved","total":152,"userId":"5ce9384d175bd81700bea5ea"},"timestamp":"2025-04-21T15:07:01.830Z"}
{"level":"info","message":{"event":"profile_saved","total":153,"userId":"64eb4262ad98380100d4bae5"},"timestamp":"2025-04-21T15:07:02.467Z"}
{"level":"info","message":{"event":"profile_saved","total":154,"userId":"6790fc8358981ef96b00d6ac"},"timestamp":"2025-04-21T15:07:03.678Z"}
{"level":"info","message":{"event":"profile_saved","total":155,"userId":"644595f8e829db01005b31dd"},"timestamp":"2025-04-21T15:07:07.147Z"}
{"level":"info","message":{"event":"profile_saved","total":156,"userId":"663f48f341c3400100dc0577"},"timestamp":"2025-04-21T15:07:08.558Z"}
{"level":"info","message":{"event":"profile_saved","total":157,"userId":"5e2111dafbf5ba01003f90ab"},"timestamp":"2025-04-21T15:07:09.777Z"}
{"level":"info","message":{"event":"profile_saved","total":158,"userId":"669282789d1db10100f39ff9"},"timestamp":"2025-04-21T15:07:10.389Z"}
{"level":"info","message":{"event":"profile_saved","total":159,"userId":"679b8105bf04ebe4887b9b85"},"timestamp":"2025-04-21T15:07:10.879Z"}
{"level":"info","message":{"event":"profile_saved","total":160,"userId":"67ade42658981e22150e945b"},"timestamp":"2025-04-21T15:07:11.162Z"}
{"level":"info","message":{"event":"profile_saved","total":161,"userId":"641b5725379ab2010093c4b9"},"timestamp":"2025-04-21T15:07:12.423Z"}
{"level":"info","message":{"duration":2771.3385367181336,"event":"pause"},"timestamp":"2025-04-21T15:07:12.423Z"}
{"level":"info","message":{"event":"resume"},"timestamp":"2025-04-21T15:07:15.197Z"}
{"level":"info","message":{"cell":"48.800000,2.386936","event":"fetch_start","lat":48.78367958463311,"lon":2.4576850288204763},"timestamp":"2025-04-21T15:07:15.198Z"}
{"level":"info","message":{"cell":"48.800000,2.386936","count":11,"duration":756,"event":"fetch_result"},"timestamp":"2025-04-21T15:07:15.954Z"}
{"level":"info","message":{"event":"profile_saved","total":162,"userId":"6092e58e8cb0390100414770"},"timestamp":"2025-04-21T15:07:16.748Z"}
{"level":"info","message":{"event":"profile_saved","total":163,"userId":"66be24dd2f1c320100d8dbe3"},"timestamp":"2025-04-21T15:07:18.385Z"}
{"level":"info","message":{"event":"profile_saved","total":164,"userId":"65b99a27b964bd01009a3fbc"},"timestamp":"2025-04-21T15:07:19.728Z"}
{"level":"info","message":{"event":"profile_saved","total":165,"userId":"67f3ac5d07850a60991b00f7"},"timestamp":"2025-04-21T15:07:20.031Z"}
{"level":"info","message":{"event":"profile_saved","total":166,"userId":"557ed379f39edbf7223e391e"},"timestamp":"2025-04-21T15:07:20.719Z"}
{"level":"info","message":{"event":"profile_saved","total":167,"userId":"59c7db4edf16b6bd75809e70"},"timestamp":"2025-04-21T15:07:21.461Z"}
{"level":"info","message":{"event":"profile_saved","total":168,"userId":"67bb6cd17fa755169c806c1a"},"timestamp":"2025-04-21T15:07:23.444Z"}
{"level":"info","message":{"event":"profile_saved","total":169,"userId":"5a8c0b9880e24ab95c3a8177"},"timestamp":"2025-04-21T15:07:24.801Z"}
{"level":"info","message":{"event":"profile_saved","total":170,"userId":"640cbcd30bec3d010027db24"},"timestamp":"2025-04-21T15:07:25.890Z"}
{"level":"info","message":{"event":"profile_saved","total":171,"userId":"67e1b484f12dcb92844d91ef"},"timestamp":"2025-04-21T15:07:26.232Z"}
{"level":"info","message":{"event":"profile_saved","total":172,"userId":"5f61e675aaa99c0100346f96"},"timestamp":"2025-04-21T15:07:28.949Z"}
{"level":"info","message":{"duration":1888.0525509188076,"event":"pause"},"timestamp":"2025-04-21T15:07:28.950Z"}
{"level":"info","message":{"event":"resume"},"timestamp":"2025-04-21T15:07:30.840Z"}
{"level":"info","message":{"cell":"48.800000,2.250000","event":"fetch_start","lat":48.77456968939591,"lon":2.368764763211055},"timestamp":"2025-04-21T15:07:30.841Z"}
{"level":"info","message":{"cell":"48.800000,2.250000","count":10,"duration":639,"event":"fetch_result"},"timestamp":"2025-04-21T15:07:31.480Z"}
{"level":"info","message":{"event":"profile_saved","total":173,"userId":"58dd855e019b6cc17b355c0c"},"timestamp":"2025-04-21T15:07:31.972Z"}
{"level":"info","message":{"event":"profile_saved","total":174,"userId":"67fe43c2b6e1586837da863c"},"timestamp":"2025-04-21T15:07:32.232Z"}
{"level":"info","message":{"event":"profile_saved","total":175,"userId":"6743967e5de8dd0100661223"},"timestamp":"2025-04-21T15:07:32.767Z"}
{"level":"info","message":{"event":"profile_saved","total":176,"userId":"677270e1cea0a7cd3542c0da"},"timestamp":"2025-04-21T15:07:33.824Z"}
{"level":"info","message":{"event":"profile_saved","total":177,"userId":"640cb142d1ac1201007f07c4"},"timestamp":"2025-04-21T15:07:34.887Z"}
{"level":"info","message":{"event":"profile_saved","total":178,"userId":"618f0362e245d70100ebe164"},"timestamp":"2025-04-21T15:07:35.961Z"}
{"level":"info","message":{"event":"profile_saved","total":179,"userId":"67fe984fbf04ebf5b8a8dea9"},"timestamp":"2025-04-21T15:07:37.403Z"}
{"level":"info","message":{"event":"profile_saved","total":180,"userId":"67dedd8cf12dcb39a44c2d80"},"timestamp":"2025-04-21T15:07:38.586Z"}
{"level":"info","message":{"event":"profile_saved","total":181,"userId":"676c592342fe2ad9cf349f18"},"timestamp":"2025-04-21T15:07:39.791Z"}
{"level":"info","message":{"event":"profile_saved","total":182,"userId":"67eae8227fa755cc1e95b980"},"timestamp":"2025-04-21T15:07:40.916Z"}
{"level":"info","message":{"duration":2772.3220559539213,"event":"pause"},"timestamp":"2025-04-21T15:07:40.916Z"}
{"level":"info","message":{"event":"resume"},"timestamp":"2025-04-21T15:07:43.689Z"}
{"level":"info","message":{"cell":"48.890090,2.386936","event":"fetch_start","lat":48.92149845683641,"lon":2.2909827746866513},"timestamp":"2025-04-21T15:07:43.690Z"}
{"level":"info","message":{"cell":"48.890090,2.386936","count":11,"duration":726,"event":"fetch_result"},"timestamp":"2025-04-21T15:07:44.417Z"}
{"level":"info","message":{"event":"profile_saved","total":183,"userId":"5911adebe4fab3033ce9a73e"},"timestamp":"2025-04-21T15:07:45.402Z"}
{"level":"info","message":{"event":"profile_saved","total":184,"userId":"67b4f4c7bf04ebd52e87bd25"},"timestamp":"2025-04-21T15:07:45.738Z"}
{"level":"info","message":{"event":"profile_saved","total":185,"userId":"68062bb826b8293df25aa7b1"},"timestamp":"2025-04-21T15:07:46.270Z"}
{"level":"info","message":{"event":"profile_saved","total":186,"userId":"65e510fc0c335b0100fb7c56"},"timestamp":"2025-04-21T15:07:47.234Z"}
{"level":"info","message":{"event":"profile_saved","total":187,"userId":"60c4b19b88251e0100e4bb61"},"timestamp":"2025-04-21T15:07:48.586Z"}
{"level":"info","message":{"event":"profile_saved","total":188,"userId":"676aec0a0df77ac1b6deecb0"},"timestamp":"2025-04-21T15:07:49.837Z"}
{"level":"info","message":{"event":"profile_saved","total":189,"userId":"6800ba223b49593b89fe3829"},"timestamp":"2025-04-21T15:07:50.802Z"}
{"level":"info","message":{"event":"profile_saved","total":190,"userId":"67a6e510afc7ced16f8f9d0d"},"timestamp":"2025-04-21T15:07:52.138Z"}
{"level":"info","message":{"event":"profile_saved","total":191,"userId":"6607c462c2ba5501009df331"},"timestamp":"2025-04-21T15:07:52.955Z"}
{"level":"info","message":{"event":"profile_saved","total":192,"userId":"6309362ca84a800100f15024"},"timestamp":"2025-04-21T15:07:53.863Z"}
{"level":"info","message":{"event":"profile_saved","total":193,"userId":"5717c89b07cb0a7212a9b2d6"},"timestamp":"2025-04-21T15:07:54.458Z"}
{"level":"info","message":{"duration":1789.1160051685881,"event":"pause"},"timestamp":"2025-04-21T15:07:54.458Z"}
{"level":"info","message":{"event":"resume"},"timestamp":"2025-04-21T15:07:56.249Z"}
{"level":"info","message":{"cell":"48.890090,2.250000","event":"fetch_start","lat":48.95257516592339,"lon":2.3756374105037015},"timestamp":"2025-04-21T15:07:56.250Z"}
{"level":"info","message":{"cell":"48.890090,2.250000","count":5,"duration":1272,"event":"fetch_result"},"timestamp":"2025-04-21T15:07:57.522Z"}
{"level":"info","message":{"event":"profile_saved","total":194,"userId":"67f54605afc7ce7e80b34934"},"timestamp":"2025-04-21T15:07:58.447Z"}
{"level":"info","message":{"event":"profile_saved","total":195,"userId":"679937204864997d0b7e2562"},"timestamp":"2025-04-21T15:07:59.003Z"}
{"level":"info","message":{"event":"profile_saved","total":196,"userId":"67cdc7be58981e11ce1d2367"},"timestamp":"2025-04-21T15:07:59.724Z"}
{"level":"info","message":{"event":"profile_saved","total":197,"userId":"64abf639fead91010092ae7d"},"timestamp":"2025-04-21T15:08:00.175Z"}
{"level":"info","message":{"event":"profile_saved","total":198,"userId":"67bc9eaffa89c32d1ee5fed2"},"timestamp":"2025-04-21T15:08:01.861Z"}
{"level":"info","message":{"duration":2831.5646023717927,"event":"pause"},"timestamp":"2025-04-21T15:08:01.862Z"}
{"level":"info","message":{"event":"resume"},"timestamp":"2025-04-21T15:08:04.695Z"}
{"level":"info","message":{"cell":"48.800000,2.386936","event":"fetch_start","lat":48.882374203029876,"lon":2.2655830409957103},"timestamp":"2025-04-21T15:08:04.695Z"}
{"level":"info","message":{"cell":"48.800000,2.386936","count":9,"duration":705,"event":"fetch_result"},"timestamp":"2025-04-21T15:08:05.401Z"}
{"level":"info","message":{"event":"profile_saved","total":199,"userId":"67b4e22b58981ebc9911ee0a"},"timestamp":"2025-04-21T15:08:06.484Z"}
{"level":"info","message":{"event":"profile_saved","total":200,"userId":"6192cf70550f5c0100f91991"},"timestamp":"2025-04-21T15:08:08.763Z"}
{"level":"info","message":{"event":"profile_saved","total":201,"userId":"67f00f8cf12dcb9afd53d3a7"},"timestamp":"2025-04-21T15:08:09.013Z"}
{"level":"info","message":{"event":"profile_saved","total":202,"userId":"66d33e3b75a10c0100974229"},"timestamp":"2025-04-21T15:08:09.783Z"}
{"level":"info","message":{"event":"profile_saved","total":203,"userId":"67dec55dfa89c30443f541e9"},"timestamp":"2025-04-21T15:08:10.460Z"}
{"level":"info","message":{"event":"profile_saved","total":204,"userId":"66df53ff7d6ef60100858466"},"timestamp":"2025-04-21T15:08:11.169Z"}
{"level":"info","message":{"event":"profile_saved","total":205,"userId":"6633d873178d5b01006addf4"},"timestamp":"2025-04-21T15:08:12.849Z"}
{"level":"info","message":{"event":"profile_saved","total":206,"userId":"67f1b499455f80379bea291f"},"timestamp":"2025-04-21T15:08:13.753Z"}
{"level":"info","message":{"event":"profile_saved","total":207,"userId":"65dcae1ec813f401003ee6db"},"timestamp":"2025-04-21T15:08:14.136Z"}
{"level":"info","message":{"duration":2221.3657524004043,"event":"pause"},"timestamp":"2025-04-21T15:08:14.137Z"}
{"level":"info","message":{"event":"resume"},"timestamp":"2025-04-21T15:08:16.361Z"}
{"level":"info","message":{"cell":"48.890090,2.250000","event":"fetch_start","lat":48.946181250803455,"lon":2.128780373518153},"timestamp":"2025-04-21T15:08:16.362Z"}
{"level":"info","message":{"cell":"48.890090,2.250000","count":2,"duration":830,"event":"fetch_result"},"timestamp":"2025-04-21T15:08:17.192Z"}
{"level":"info","message":{"event":"profile_saved","total":208,"userId":"66801d27ebf7e1010057f845"},"timestamp":"2025-04-21T15:08:19.668Z"}
{"level":"info","message":{"event":"profile_saved","total":209,"userId":"671d5f1cab628a01008c0086"},"timestamp":"2025-04-21T15:08:20.239Z"}
{"level":"info","message":{"duration":1037.7342770425028,"event":"pause"},"timestamp":"2025-04-21T15:08:20.239Z"}
{"level":"info","message":{"event":"resume"},"timestamp":"2025-04-21T15:08:21.279Z"}
{"level":"info","message":{"cell":"48.800000,2.250000","event":"fetch_start","lat":48.8190062903781,"lon":2.299484565651685},"timestamp":"2025-04-21T15:08:21.279Z"}
{"level":"info","message":{"cell":"48.800000,2.250000","count":2,"duration":883,"event":"fetch_result"},"timestamp":"2025-04-21T15:08:22.162Z"}
{"level":"info","message":{"event":"profile_saved","total":210,"userId":"678bdbd80d3c4a75b89c2f4d"},"timestamp":"2025-04-21T15:08:22.527Z"}
{"level":"info","message":{"event":"profile_saved","total":211,"userId":"64d7f7617c5f0d0100eed9e2"},"timestamp":"2025-04-21T15:08:23.113Z"}
{"level":"info","message":{"duration":2654.1285251661975,"event":"pause"},"timestamp":"2025-04-21T15:08:23.113Z"}
{"level":"info","message":{"event":"resume"},"timestamp":"2025-04-21T15:08:25.769Z"}
{"level":"info","message":{"cell":"48.890090,2.386936","event":"fetch_start","lat":48.932499792432104,"lon":2.4343092933076065},"timestamp":"2025-04-21T15:08:25.769Z"}
{"level":"info","message":{"cell":"48.890090,2.386936","count":2,"duration":842,"event":"fetch_result"},"timestamp":"2025-04-21T15:08:26.612Z"}
{"level":"info","message":{"event":"profile_saved","total":212,"userId":"67f8df6ab6e15828a6d7ff58"},"timestamp":"2025-04-21T15:08:26.994Z"}
{"level":"info","message":{"event":"profile_saved","total":213,"userId":"600b121be7e3e4010070f6a0"},"timestamp":"2025-04-21T15:08:28.178Z"}
{"level":"info","message":{"duration":2011.4317150152208,"event":"pause"},"timestamp":"2025-04-21T15:08:28.178Z"}
{"level":"info","message":{"event":"resume"},"timestamp":"2025-04-21T15:08:30.191Z"}
{"level":"info","message":{"cell":"48.890090,2.250000","event":"fetch_start","lat":48.92224431405615,"lon":2.1561593220425594},"timestamp":"2025-04-21T15:08:30.191Z"}
{"level":"info","message":{"cell":"48.890090,2.250000","count":1,"duration":627,"event":"fetch_result"},"timestamp":"2025-04-21T15:08:30.818Z"}
{"level":"info","message":{"event":"profile_saved","total":214,"userId":"67b79fa5fa89c304d8e3a576"},"timestamp":"2025-04-21T15:08:31.867Z"}
{"level":"info","message":{"duration":2696.648099018034,"event":"pause"},"timestamp":"2025-04-21T15:08:31.868Z"}
{"level":"info","message":{"event":"resume"},"timestamp":"2025-04-21T15:08:34.566Z"}
{"level":"info","message":{"cell":"48.800000,2.386936","event":"fetch_start","lat":48.86837800560146,"lon":2.4589480216193067},"timestamp":"2025-04-21T15:08:34.566Z"}
{"level":"info","message":{"cell":"48.800000,2.386936","count":0,"duration":690,"event":"fetch_result"},"timestamp":"2025-04-21T15:08:35.256Z"}
{"level":"info","message":{"duration":2009.5832221905891,"event":"pause"},"timestamp":"2025-04-21T15:08:35.256Z"}
{"level":"info","message":{"event":"resume"},"timestamp":"2025-04-21T15:08:37.267Z"}
{"level":"info","message":{"cell":"48.800000,2.250000","event":"fetch_start","lat":48.723226707468854,"lon":2.2620457404443095},"timestamp":"2025-04-21T15:08:37.267Z"}
{"level":"info","message":{"cell":"48.800000,2.250000","count":1,"duration":729,"event":"fetch_result"},"timestamp":"2025-04-21T15:08:37.996Z"}
{"level":"info","message":{"event":"profile_saved","total":215,"userId":"61f72f7287aac701004bdd29"},"timestamp":"2025-04-21T15:08:38.234Z"}
{"level":"info","message":{"duration":2646.4305991322826,"event":"pause"},"timestamp":"2025-04-21T15:08:38.234Z"}
{"level":"info","message":{"event":"resume"},"timestamp":"2025-04-21T15:08:40.881Z"}
{"level":"info","message":{"cell":"48.890090,2.386936","event":"fetch_start","lat":48.92998441867398,"lon":2.298225400684927},"timestamp":"2025-04-21T15:08:40.882Z"}
{"level":"info","message":{"cell":"48.890090,2.386936","count":1,"duration":863,"event":"fetch_result"},"timestamp":"2025-04-21T15:08:41.745Z"}
{"level":"info","message":{"event":"profile_saved","total":216,"userId":"68054d4ece072f4eb309d271"},"timestamp":"2025-04-21T15:08:42.451Z"}
{"level":"info","message":{"duration":2312.3139530129256,"event":"pause"},"timestamp":"2025-04-21T15:08:42.451Z"}
{"level":"info","message":{"event":"resume"},"timestamp":"2025-04-21T15:08:44.765Z"}
{"level":"info","message":{"cell":"48.800000,2.250000","event":"fetch_start","lat":48.851670281192845,"lon":2.115071897478887},"timestamp":"2025-04-21T15:08:44.765Z"}
{"level":"info","message":{"cell":"48.800000,2.250000","count":0,"duration":880,"event":"fetch_result"},"timestamp":"2025-04-21T15:08:45.645Z"}
{"level":"info","message":{"duration":2241.561606988282,"event":"pause"},"timestamp":"2025-04-21T15:08:45.646Z"}
{"level":"info","message":{"event":"resume"},"timestamp":"2025-04-21T15:08:47.888Z"}
{"level":"info","message":{"cell":"48.890090,2.386936","event":"fetch_start","lat":48.813670636974216,"lon":2.2902991992169874},"timestamp":"2025-04-21T15:08:47.888Z"}
{"level":"info","message":{"cell":"48.890090,2.386936","count":1,"duration":718,"event":"fetch_result"},"timestamp":"2025-04-21T15:08:48.606Z"}
{"level":"info","message":{"event":"profile_saved","total":217,"userId":"679b4718afc7ce1b8e8a1ff3"},"timestamp":"2025-04-21T15:08:48.920Z"}
{"level":"info","message":{"duration":1191.1547940222245,"event":"pause"},"timestamp":"2025-04-21T15:08:48.920Z"}
{"level":"info","message":{"event":"resume"},"timestamp":"2025-04-21T15:08:50.113Z"}
{"level":"info","message":{"cell":"48.890090,2.250000","event":"fetch_start","lat":48.89745576351267,"lon":2.1314624107735134},"timestamp":"2025-04-21T15:08:50.113Z"}
{"level":"info","message":{"cell":"48.890090,2.250000","count":0,"duration":756,"event":"fetch_result"},"timestamp":"2025-04-21T15:08:50.870Z"}
{"level":"info","message":{"duration":1407.8545702752683,"event":"pause"},"timestamp":"2025-04-21T15:08:50.870Z"}
{"level":"info","message":{"event":"resume"},"timestamp":"2025-04-21T15:08:52.279Z"}
{"level":"info","message":{"cell":"48.800000,2.386936","event":"fetch_start","lat":48.88249757343216,"lon":2.331817351606198},"timestamp":"2025-04-21T15:08:52.279Z"}
{"level":"info","message":{"cell":"48.800000,2.386936","count":1,"duration":617,"event":"fetch_result"},"timestamp":"2025-04-21T15:08:52.896Z"}
{"level":"info","message":{"event":"profile_saved","total":218,"userId":"67928316003a4f1043a12883"},"timestamp":"2025-04-21T15:08:55.182Z"}
{"level":"info","message":{"duration":1317.9372557206746,"event":"pause"},"timestamp":"2025-04-21T15:08:55.183Z"}
{"level":"info","message":{"event":"resume"},"timestamp":"2025-04-21T15:08:56.502Z"}
{"level":"info","message":{"cell":"48.890090,2.250000","event":"fetch_start","lat":48.895274684874785,"lon":2.2613840832819805},"timestamp":"2025-04-21T15:08:56.502Z"}
{"level":"info","message":{"cell":"48.890090,2.250000","count":0,"duration":938,"event":"fetch_result"},"timestamp":"2025-04-21T15:08:57.440Z"}
{"level":"info","message":{"duration":1999.6847619502591,"event":"pause"},"timestamp":"2025-04-21T15:08:57.440Z"}
{"level":"info","message":{"event":"resume"},"timestamp":"2025-04-21T15:08:59.440Z"}
{"level":"info","message":{"cell":"48.800000,2.386936","event":"fetch_start","lat":48.868364027941254,"lon":2.4339202090366148},"timestamp":"2025-04-21T15:08:59.441Z"}
{"level":"info","message":{"cell":"48.800000,2.386936","count":0,"duration":959,"event":"fetch_result"},"timestamp":"2025-04-21T15:09:00.400Z"}
{"level":"info","message":{"duration":1899.2521966594609,"event":"pause"},"timestamp":"2025-04-21T15:09:00.401Z"}
{"level":"info","message":{"event":"resume"},"timestamp":"2025-04-21T15:09:02.302Z"}
{"level":"info","message":{"cell":"48.890090,2.386936","event":"fetch_start","lat":48.91106338887086,"lon":2.356990845593056},"timestamp":"2025-04-21T15:09:02.302Z"}
{"level":"info","message":{"cell":"48.890090,2.386936","count":1,"duration":683,"event":"fetch_result"},"timestamp":"2025-04-21T15:09:02.985Z"}
{"level":"info","message":{"event":"profile_saved","total":219,"userId":"66c10c4e75a10c01008d4453"},"timestamp":"2025-04-21T15:09:03.856Z"}
{"level":"info","message":{"duration":1022.5896994933779,"event":"pause"},"timestamp":"2025-04-21T15:09:03.856Z"}
{"level":"info","message":{"event":"resume"},"timestamp":"2025-04-21T15:09:04.879Z"}
{"level":"info","message":{"cell":"48.800000,2.250000","event":"fetch_start","lat":48.773761631259624,"lon":2.2675501161146174},"timestamp":"2025-04-21T15:09:04.879Z"}
{"level":"info","message":{"cell":"48.800000,2.250000","count":0,"duration":749,"event":"fetch_result"},"timestamp":"2025-04-21T15:09:05.628Z"}
{"level":"info","message":{"duration":2339.74797288212,"event":"pause"},"timestamp":"2025-04-21T15:09:05.628Z"}
{"level":"info","message":{"event":"resume"},"timestamp":"2025-04-21T15:09:07.967Z"}
{"level":"info","message":{"cell":"48.800000,2.386936","event":"fetch_start","lat":48.7295384895174,"lon":2.41706043976836},"timestamp":"2025-04-21T15:09:07.968Z"}
{"level":"info","message":{"cell":"48.800000,2.386936","count":1,"duration":754,"event":"fetch_result"},"timestamp":"2025-04-21T15:09:08.722Z"}
{"level":"info","message":{"event":"profile_saved","total":220,"userId":"6766ac99146ed8a61e0008d4"},"timestamp":"2025-04-21T15:09:09.568Z"}
{"level":"info","message":{"duration":2860.23303232735,"event":"pause"},"timestamp":"2025-04-21T15:09:09.568Z"}
{"level":"info","message":{"event":"resume"},"timestamp":"2025-04-21T15:09:12.429Z"}
{"level":"info","message":{"cell":"48.800000,2.250000","event":"fetch_start","lat":48.73861444209049,"lon":2.1842022361347984},"timestamp":"2025-04-21T15:09:12.430Z"}
{"level":"info","message":{"cell":"48.800000,2.250000","count":0,"duration":962,"event":"fetch_result"},"timestamp":"2025-04-21T15:09:13.392Z"}
{"level":"info","message":{"duration":1612.504617321183,"event":"pause"},"timestamp":"2025-04-21T15:09:13.392Z"}
{"level":"info","message":{"event":"resume"},"timestamp":"2025-04-21T15:09:15.005Z"}
{"level":"info","message":{"cell":"48.890090,2.386936","event":"fetch_start","lat":48.83232788765368,"lon":2.316779770311012},"timestamp":"2025-04-21T15:09:15.005Z"}
{"level":"info","message":{"cell":"48.890090,2.386936","count":0,"duration":783,"event":"fetch_result"},"timestamp":"2025-04-21T15:09:15.788Z"}
{"level":"info","message":{"duration":2579.452777886381,"event":"pause"},"timestamp":"2025-04-21T15:09:15.788Z"}
{"level":"info","message":{"event":"resume"},"timestamp":"2025-04-21T15:09:18.368Z"}
{"level":"info","message":{"cell":"48.890090,2.250000","event":"fetch_start","lat":48.82742148753298,"lon":2.1741269786443302},"timestamp":"2025-04-21T15:09:18.368Z"}
{"level":"info","message":{"cell":"48.890090,2.250000","count":3,"duration":791,"event":"fetch_result"},"timestamp":"2025-04-21T15:09:19.159Z"}
{"level":"info","message":{"event":"profile_saved","total":221,"userId":"66f602561c43780100953965"},"timestamp":"2025-04-21T15:09:19.576Z"}
{"level":"info","message":{"event":"profile_saved","total":222,"userId":"66bc9f8e75a10c01008a890a"},"timestamp":"2025-04-21T15:09:20.605Z"}
{"level":"info","message":{"event":"profile_saved","total":223,"userId":"6693d1fd56fcab0100e6a9d7"},"timestamp":"2025-04-21T15:09:22.950Z"}
{"level":"info","message":{"duration":2189.2942269710784,"event":"pause"},"timestamp":"2025-04-21T15:09:22.951Z"}
{"level":"info","message":{"event":"resume"},"timestamp":"2025-04-21T15:09:25.142Z"}
{"level":"info","message":{"cell":"48.890090,2.386936","event":"fetch_start","lat":48.819085379902056,"lon":2.4314912461488687},"timestamp":"2025-04-21T15:09:25.142Z"}
{"level":"info","message":{"cell":"48.890090,2.386936","count":4,"duration":644,"event":"fetch_result"},"timestamp":"2025-04-21T15:09:25.787Z"}
{"level":"info","message":{"event":"profile_saved","total":224,"userId":"621585594a30e1010000aa8b"},"timestamp":"2025-04-21T15:09:26.824Z"}
{"level":"info","message":{"event":"profile_saved","total":225,"userId":"667c21aeebf7e1010055d369"},"timestamp":"2025-04-21T15:09:27.307Z"}
{"level":"info","message":{"event":"profile_saved","total":226,"userId":"632b7973edb6ed010044ccb2"},"timestamp":"2025-04-21T15:09:27.858Z"}
{"level":"info","message":{"event":"profile_saved","total":227,"userId":"65b2c7c4f969870100d852d1"},"timestamp":"2025-04-21T15:09:29.400Z"}
{"level":"info","message":{"duration":2879.2352760863528,"event":"pause"},"timestamp":"2025-04-21T15:09:29.401Z"}
{"level":"info","message":{"event":"resume"},"timestamp":"2025-04-21T15:09:32.281Z"}
{"level":"info","message":{"cell":"48.890090,2.250000","event":"fetch_start","lat":48.933365642194005,"lon":2.161434632952842},"timestamp":"2025-04-21T15:09:32.282Z"}
{"level":"info","message":{"cell":"48.890090,2.250000","count":10,"duration":816,"event":"fetch_result"},"timestamp":"2025-04-21T15:09:33.098Z"}
{"level":"info","message":{"event":"profile_saved","total":228,"userId":"605e24c2c497b5010055edaa"},"timestamp":"2025-04-21T15:09:33.382Z"}
{"level":"info","message":{"event":"profile_saved","total":229,"userId":"627d47040c22700100d7fb0c"},"timestamp":"2025-04-21T15:09:33.630Z"}
{"level":"info","message":{"event":"profile_saved","total":230,"userId":"678c1974003a4f83599e00aa"},"timestamp":"2025-04-21T15:09:33.914Z"}
{"level":"info","message":{"event":"profile_saved","total":231,"userId":"67e7349aafc7cecb24ace8d9"},"timestamp":"2025-04-21T15:09:34.410Z"}
{"level":"info","message":{"event":"profile_saved","total":232,"userId":"67b3841f455f805383ce371c"},"timestamp":"2025-04-21T15:09:34.963Z"}
{"level":"info","message":{"event":"profile_saved","total":233,"userId":"647b0ddc07b49601004f4853"},"timestamp":"2025-04-21T15:09:36.233Z"}
{"level":"info","message":{"event":"profile_saved","total":234,"userId":"677c0bf5146ed84dd50a6838"},"timestamp":"2025-04-21T15:09:36.533Z"}
{"level":"info","message":{"event":"profile_saved","total":235,"userId":"6212283c948bf70100bf06ab"},"timestamp":"2025-04-21T15:09:36.887Z"}
{"level":"info","message":{"event":"profile_saved","total":236,"userId":"65362e1167f70b01002c4f53"},"timestamp":"2025-04-21T15:09:37.660Z"}
{"level":"info","message":{"event":"profile_saved","total":237,"userId":"67fc28b64864996aa5ab55a7"},"timestamp":"2025-04-21T15:09:37.988Z"}
{"level":"info","message":{"duration":1186.0896521622387,"event":"pause"},"timestamp":"2025-04-21T15:09:37.988Z"}
{"level":"info","message":{"event":"resume"},"timestamp":"2025-04-21T15:09:39.176Z"}
{"level":"info","message":{"cell":"48.800000,2.386936","event":"fetch_start","lat":48.78707379995778,"lon":2.383590550531702},"timestamp":"2025-04-21T15:09:39.177Z"}
{"level":"info","message":{"cell":"48.800000,2.386936","count":11,"duration":604,"event":"fetch_result"},"timestamp":"2025-04-21T15:09:39.781Z"}
{"level":"info","message":{"event":"profile_saved","total":238,"userId":"64cce4c6dd67ce01005005e8"},"timestamp":"2025-04-21T15:09:40.086Z"}
{"level":"info","message":{"event":"profile_saved","total":239,"userId":"656674e958de0001000ca372"},"timestamp":"2025-04-21T15:09:42.289Z"}
{"level":"info","message":{"event":"profile_saved","total":240,"userId":"67ea7426b6e15845a2d19177"},"timestamp":"2025-04-21T15:09:43.416Z"}
{"level":"info","message":{"event":"profile_saved","total":241,"userId":"5f57fe2be02b6801000eeef7"},"timestamp":"2025-04-21T15:09:44.097Z"}
{"level":"info","message":{"event":"profile_saved","total":242,"userId":"67e6dcb37cd787dbeb62c5dc"},"timestamp":"2025-04-21T15:09:44.907Z"}
{"level":"info","message":{"event":"profile_saved","total":243,"userId":"67ccb0dcafc7ced751a0f940"},"timestamp":"2025-04-21T15:09:46.913Z"}
{"level":"info","message":{"event":"profile_saved","total":244,"userId":"67eeb1b1f12dcb008b533aca"},"timestamp":"2025-04-21T15:09:47.207Z"}
{"level":"info","message":{"event":"profile_saved","total":245,"userId":"67b5a1a958981ea428123e77"},"timestamp":"2025-04-21T15:09:47.650Z"}
{"level":"info","message":{"event":"profile_saved","total":246,"userId":"5339ba489d895df17d00119b"},"timestamp":"2025-04-21T15:09:48.640Z"}
{"level":"info","message":{"event":"profile_saved","total":247,"userId":"62f252bd35f6540100e76ca6"},"timestamp":"2025-04-21T15:09:49.219Z"}
{"level":"info","message":{"event":"profile_saved","total":248,"userId":"67fecd85455f8088eff024e1"},"timestamp":"2025-04-21T15:09:49.733Z"}
{"level":"info","message":{"duration":2077.7494817964457,"event":"pause"},"timestamp":"2025-04-21T15:09:49.733Z"}
{"level":"info","message":{"event":"resume"},"timestamp":"2025-04-21T15:09:51.813Z"}
{"level":"info","message":{"cell":"48.890090,2.386936","event":"fetch_start","lat":48.818313081081975,"lon":2.5046375412511943},"timestamp":"2025-04-21T15:09:51.814Z"}
{"level":"info","message":{"cell":"48.890090,2.386936","count":10,"duration":690,"event":"fetch_result"},"timestamp":"2025-04-21T15:09:52.504Z"}
{"level":"info","message":{"event":"profile_saved","total":249,"userId":"5c7322b551134e1100cc154b"},"timestamp":"2025-04-21T15:09:53.569Z"}
{"level":"info","message":{"event":"profile_saved","total":250,"userId":"669135ab51470001003e1778"},"timestamp":"2025-04-21T15:09:53.882Z"}
{"level":"info","message":{"event":"profile_saved","total":251,"userId":"67c1e806afc7ce92dc9c1e6d"},"timestamp":"2025-04-21T15:09:54.845Z"}
{"level":"info","message":{"event":"profile_saved","total":252,"userId":"669464410eb2e40100d0ecfc"},"timestamp":"2025-04-21T15:09:55.384Z"}
{"level":"info","message":{"event":"profile_saved","total":253,"userId":"648a2c1814d9a70100029b40"},"timestamp":"2025-04-21T15:09:56.292Z"}
{"level":"info","message":{"event":"profile_saved","total":254,"userId":"66b394f23b1e030100d1c2b6"},"timestamp":"2025-04-21T15:09:56.687Z"}
{"level":"info","message":{"event":"profile_saved","total":255,"userId":"66dce3777749510100594f98"},"timestamp":"2025-04-21T15:09:57.247Z"}
{"level":"info","message":{"event":"profile_saved","total":256,"userId":"673cefbb60c2fb010046f085"},"timestamp":"2025-04-21T15:09:58.395Z"}
{"level":"info","message":{"event":"profile_saved","total":257,"userId":"67b50bb9fa89c357e6e28433"},"timestamp":"2025-04-21T15:09:59.249Z"}
{"level":"info","message":{"event":"profile_saved","total":258,"userId":"68040d573b49591adcffe106"},"timestamp":"2025-04-21T15:09:59.492Z"}
{"level":"info","message":{"duration":2399.4235186001724,"event":"pause"},"timestamp":"2025-04-21T15:09:59.493Z"}
{"level":"info","message":{"event":"resume"},"timestamp":"2025-04-21T15:10:01.894Z"}
{"level":"info","message":{"cell":"48.890090,2.250000","event":"fetch_start","lat":48.805058689182566,"lon":2.254354627768533},"timestamp":"2025-04-21T15:10:01.894Z"}
{"level":"info","message":{"cell":"48.890090,2.250000","count":9,"duration":858,"event":"fetch_result"},"timestamp":"2025-04-21T15:10:02.752Z"}
{"level":"info","message":{"event":"profile_saved","total":259,"userId":"58d8240bd16908050c73ddf4"},"timestamp":"2025-04-21T15:10:03.418Z"}
{"level":"info","message":{"event":"profile_saved","total":260,"userId":"66bdc2b1f354b70100d01f67"},"timestamp":"2025-04-21T15:10:05.758Z"}
{"level":"info","message":{"event":"profile_saved","total":261,"userId":"67e58338455f80ce73e4b68c"},"timestamp":"2025-04-21T15:10:07.028Z"}
{"level":"info","message":{"event":"profile_saved","total":262,"userId":"5a74d5147376be09322d4465"},"timestamp":"2025-04-21T15:10:07.440Z"}
{"level":"info","message":{"event":"profile_saved","total":263,"userId":"565fad0fccc24cb439643f96"},"timestamp":"2025-04-21T15:10:07.910Z"}
{"level":"info","message":{"event":"profile_saved","total":264,"userId":"53c1a7673632febf72319995"},"timestamp":"2025-04-21T15:10:09.163Z"}
{"level":"info","message":{"event":"profile_saved","total":265,"userId":"67a4fd56b6e1587347b1dd92"},"timestamp":"2025-04-21T15:10:11.570Z"}
{"level":"info","message":{"event":"profile_saved","total":266,"userId":"64f21d776f39d801003d3e35"},"timestamp":"2025-04-21T15:10:13.588Z"}
{"level":"info","message":{"event":"profile_saved","total":267,"userId":"67a29101486499ba22828e86"},"timestamp":"2025-04-21T15:10:13.954Z"}
{"level":"info","message":{"duration":2274.9513980441698,"event":"pause"},"timestamp":"2025-04-21T15:10:13.954Z"}
{"level":"info","message":{"event":"resume"},"timestamp":"2025-04-21T15:10:16.230Z"}
{"level":"info","message":{"cell":"48.800000,2.386936","event":"fetch_start","lat":48.824676937166856,"lon":2.4464319803929664},"timestamp":"2025-04-21T15:10:16.230Z"}
{"level":"info","message":{"cell":"48.800000,2.386936","count":10,"duration":836,"event":"fetch_result"},"timestamp":"2025-04-21T15:10:17.066Z"}
{"level":"info","message":{"event":"profile_saved","total":268,"userId":"67e2ea0707850ab71713889f"},"timestamp":"2025-04-21T15:10:19.570Z"}
{"level":"info","message":{"event":"profile_saved","total":269,"userId":"68065106a5f5308968690e33"},"timestamp":"2025-04-21T15:10:19.884Z"}
{"level":"info","message":{"event":"profile_saved","total":270,"userId":"67fd8be9486499a513abfb8c"},"timestamp":"2025-04-21T15:10:20.128Z"}
{"level":"info","message":{"event":"profile_saved","total":271,"userId":"6665776ca9fe300100bef92c"},"timestamp":"2025-04-21T15:10:20.385Z"}
{"level":"info","message":{"event":"profile_saved","total":272,"userId":"6803de2407850ae732226bed"},"timestamp":"2025-04-21T15:10:20.622Z"}
{"level":"info","message":{"event":"profile_saved","total":273,"userId":"67fad2cdafc7ce8414b5be17"},"timestamp":"2025-04-21T15:10:20.974Z"}
{"level":"info","message":{"event":"profile_saved","total":274,"userId":"62d1bce3cc7a2b0100677d4a"},"timestamp":"2025-04-21T15:10:21.779Z"}
{"level":"info","message":{"event":"profile_saved","total":275,"userId":"67ec0247455f806a26e796e3"},"timestamp":"2025-04-21T15:10:22.465Z"}
{"level":"info","message":{"event":"profile_saved","total":276,"userId":"6800eb79b6e1581ebcdbb497"},"timestamp":"2025-04-21T15:10:22.773Z"}
